[2025-01-18 15:25:34,356: INFO: common: yaml file: config\config.yaml loaded successfully]
[2025-01-18 15:25:34,373: INFO: common: yaml file: params.yaml loaded successfully]
[2025-01-18 15:39:15,719: INFO: common: yaml file: config\config.yaml loaded successfully]
[2025-01-18 15:39:15,722: INFO: common: yaml file: params.yaml loaded successfully]
[2025-01-18 15:41:13,770: INFO: common: yaml file: config\config.yaml loaded successfully]
[2025-01-18 15:41:13,774: INFO: common: yaml file: params.yaml loaded successfully]
[2025-01-18 15:42:21,342: INFO: common: yaml file: config\config.yaml loaded successfully]
[2025-01-18 15:42:21,349: INFO: common: yaml file: params.yaml loaded successfully]
[2025-01-18 15:47:33,332: INFO: common: yaml file: config\config.yaml loaded successfully]
[2025-01-18 15:47:33,336: INFO: common: yaml file: params.yaml loaded successfully]
[2025-01-18 15:49:50,197: INFO: common: yaml file: config\config.yaml loaded successfully]
[2025-01-18 15:49:50,213: INFO: common: yaml file: params.yaml loaded successfully]
[2025-01-18 15:49:50,217: INFO: common: created directory at: artifacts]
[2025-01-18 15:49:50,221: INFO: common: created directory at: artifacts/data_ingestion]
[2025-01-18 15:49:50,224: INFO: 872572373: Downloading data from https://drive.google.com/file/d/1z0mreUtRmR-P-magILsDR3T7M6IkGXtY/view?usp=sharing into file artifacts/data_ingestion/data.zip]
[2025-01-18 15:49:58,839: INFO: 872572373: Downloaded data from https://drive.google.com/file/d/1z0mreUtRmR-P-magILsDR3T7M6IkGXtY/view?usp=sharing into file artifacts/data_ingestion/data.zip]
[2025-01-18 15:51:31,689: INFO: common: yaml file: config\config.yaml loaded successfully]
[2025-01-18 15:51:31,700: INFO: common: yaml file: params.yaml loaded successfully]
[2025-01-18 15:51:31,704: INFO: common: created directory at: artifacts]
[2025-01-18 15:51:31,706: INFO: common: created directory at: artifacts/data_ingestion]
[2025-01-18 15:51:31,708: INFO: 872572373: Downloading data from https://drive.google.com/file/d/1z0mreUtRmR-P-magILsDR3T7M6IkGXtY/view?usp=sharing into file artifacts/data_ingestion/data.zip]
[2025-01-18 15:51:38,951: INFO: 872572373: Downloaded data from https://drive.google.com/file/d/1z0mreUtRmR-P-magILsDR3T7M6IkGXtY/view?usp=sharing into file artifacts/data_ingestion/data.zip]
